Út 17. května 2022, 22:44:45 CEST
69 files of code
 2176 total


St 18. května 2022, 23:38:08 CEST
69 files of code
 2178 total
lazy day


Čt 19. května 2022, 22:44:42 CEST
71 files of code
 2426 total


So 21. května 2022, 00:10:44 CEST
72 files of code
 2605 total


// missing 29. - 31. 

St 1. června 2022, 20:02:36 CEST
73 files of code
 2793 total lines


So 4. června 2022, 17:47:16 CEST
73 files of code
 3007 total lines


Ne 5. června 2022, 20:52:52 CEST
73 files of code
 3215 total lines


Po 6. června 2022, 22:19:30 CEST
73 files of code
 3286 total lines


St 8. června 2022, 00:17:39 CEST
73 files of code
 3356 total lines


St 8. června 2022, 21:01:19 CEST
73 files of code
 3444 total lines


St 8. června 2022, 23:31:02 CEST
73 files of code
 3444 total lines


Pá 10. června 2022, 00:28:10 CEST
73 files of code
 3624 total lines


